<?xml version="1.0" encoding="UTF-8"?>
<testsuite xmlns:xsi="http://www.w3.org/2001/XMLSchema-instance" xsi:noNamespaceSchemaLocation="https://maven.apache.org/surefire/maven-surefire-plugin/xsd/surefire-test-report.xsd" version="3.0.2" name="com.project.project.UserServiceTest" time="0.069" tests="10" errors="0" skipped="0" failures="4">
  <properties>
[...]
</properties>
  <testcase name="deveRetornarUsuarioLogado_QuandoFazerLoginCorretamente" classname="com.project.project.UserServiceTest" time="0.026"/>
  <testcase name="deveLancarExcecao_QuandoLogarComEmailNaoCadastrado" classname="com.project.project.UserServiceTest" time="0.0"/>
  <testcase name="deveLancarExcecao_QuandoCriarSenhaSemNumero" classname="com.project.project.UserServiceTest" time="0.005">
    <failure message="expected: &lt;Senha incorreta! É necessário conter no mínimo 8 caracteres e incluir pelo menos 1 dígito!&gt; but was: &lt;Senha inválida! Deve ter pelo menos 8 caracteres e incluir ao menos um número.&gt;" type="org.opentest4j.AssertionFailedError"><![CDATA[org.opentest4j.AssertionFailedError: expected: <Senha incorreta! É necessário conter no mínimo 8 caracteres e incluir pelo menos 1 dígito!> but was: <Senha inválida! Deve ter pelo menos 8 caracteres e incluir ao menos um número.>
	at org.junit.jupiter.api.AssertionFailureBuilder.build(AssertionFailureBuilder.java:151)
	at org.junit.jupiter.api.AssertionFailureBuilder.buildAndThrow(AssertionFailureBuilder.java:132)
	at org.junit.jupiter.api.AssertEquals.failNotEqual(AssertEquals.java:197)
	at org.junit.jupiter.api.AssertEquals.assertEquals(AssertEquals.java:182)
	at org.junit.jupiter.api.AssertEquals.assertEquals(AssertEquals.java:177)
	at org.junit.jupiter.api.Assertions.assertEquals(Assertions.java:1145)
	at com.project.project.UserServiceTest.deveLancarExcecao_QuandoCriarSenhaSemNumero(UserServiceTest.java:105)
	at java.base/java.lang.reflect.Method.invoke(Method.java:580)
	at java.base/java.util.ArrayList.forEach(ArrayList.java:1596)
	at java.base/java.util.ArrayList.forEach(ArrayList.java:1596)
]]></failure>
  </testcase>
  <testcase name="deveLancarExcecao_QuandoCriadoEmailIgualComMaiuscula" classname="com.project.project.UserServiceTest" time="0.003"/>
  <testcase name="deverRetornarSucesso_QuandoCriadoMultiplosUsuarios" classname="com.project.project.UserServiceTest" time="0.002"/>
  <testcase name="deveLancarExcecao_QuandoCredenciaisInvalidas" classname="com.project.project.UserServiceTest" time="0.001"/>
  <testcase name="deveRetornarUsuario_QuandoCriadoComSucesso" classname="com.project.project.UserServiceTest" time="0.001"/>
  <testcase name="deveLancarExcecao_QuandoEmailDuplicado" classname="com.project.project.UserServiceTest" time="0.003">
    <failure message="Expected java.lang.IllegalArgumentException to be thrown, but nothing was thrown." type="org.opentest4j.AssertionFailedError"><![CDATA[org.opentest4j.AssertionFailedError: Expected java.lang.IllegalArgumentException to be thrown, but nothing was thrown.
	at org.junit.jupiter.api.AssertionFailureBuilder.build(AssertionFailureBuilder.java:152)
	at org.junit.jupiter.api.AssertThrows.assertThrows(AssertThrows.java:73)
	at org.junit.jupiter.api.AssertThrows.assertThrows(AssertThrows.java:35)
	at org.junit.jupiter.api.Assertions.assertThrows(Assertions.java:3128)
	at com.project.project.UserServiceTest.deveLancarExcecao_QuandoEmailDuplicado(UserServiceTest.java:32)
	at java.base/java.lang.reflect.Method.invoke(Method.java:580)
	at java.base/java.util.ArrayList.forEach(ArrayList.java:1596)
	at java.base/java.util.ArrayList.forEach(ArrayList.java:1596)
]]></failure>
  </testcase>
  <testcase name="deveLancarExcecao_QuandoCriarUsuarioComSenhaCurta" classname="com.project.project.UserServiceTest" time="0.002">
    <failure message="expected: &lt;Senha incorreta! É necessário conter no mínimo 8 caracteres e incluir pelo menos 1 dígito!&gt; but was: &lt;Senha inválida! Deve ter pelo menos 8 caracteres e incluir ao menos um número.&gt;" type="org.opentest4j.AssertionFailedError"><![CDATA[org.opentest4j.AssertionFailedError: expected: <Senha incorreta! É necessário conter no mínimo 8 caracteres e incluir pelo menos 1 dígito!> but was: <Senha inválida! Deve ter pelo menos 8 caracteres e incluir ao menos um número.>
	at org.junit.jupiter.api.AssertionFailureBuilder.build(AssertionFailureBuilder.java:151)
	at org.junit.jupiter.api.AssertionFailureBuilder.buildAndThrow(AssertionFailureBuilder.java:132)
	at org.junit.jupiter.api.AssertEquals.failNotEqual(AssertEquals.java:197)
	at org.junit.jupiter.api.AssertEquals.assertEquals(AssertEquals.java:182)
	at org.junit.jupiter.api.AssertEquals.assertEquals(AssertEquals.java:177)
	at org.junit.jupiter.api.Assertions.assertEquals(Assertions.java:1145)
	at com.project.project.UserServiceTest.deveLancarExcecao_QuandoCriarUsuarioComSenhaCurta(UserServiceTest.java:84)
	at java.base/java.lang.reflect.Method.invoke(Method.java:580)
	at java.base/java.util.ArrayList.forEach(ArrayList.java:1596)
	at java.base/java.util.ArrayList.forEach(ArrayList.java:1596)
]]></failure>
  </testcase>
  <testcase name="deveLancarExcecao_QuandoCriarSenhaFraca" classname="com.project.project.UserServiceTest" time="0.001">
    <failure message="expected: &lt;Senha incorreta! É necessário conter no mínimo 8 caracteres e incluir pelo menos 1 dígito!&gt; but was: &lt;Senha inválida! Deve ter pelo menos 8 caracteres e incluir ao menos um número.&gt;" type="org.opentest4j.AssertionFailedError"><![CDATA[org.opentest4j.AssertionFailedError: expected: <Senha incorreta! É necessário conter no mínimo 8 caracteres e incluir pelo menos 1 dígito!> but was: <Senha inválida! Deve ter pelo menos 8 caracteres e incluir ao menos um número.>
	at org.junit.jupiter.api.AssertionFailureBuilder.build(AssertionFailureBuilder.java:151)
	at org.junit.jupiter.api.AssertionFailureBuilder.buildAndThrow(AssertionFailureBuilder.java:132)
	at org.junit.jupiter.api.AssertEquals.failNotEqual(AssertEquals.java:197)
	at org.junit.jupiter.api.AssertEquals.assertEquals(AssertEquals.java:182)
	at org.junit.jupiter.api.AssertEquals.assertEquals(AssertEquals.java:177)
	at org.junit.jupiter.api.Assertions.assertEquals(Assertions.java:1145)
	at com.project.project.UserServiceTest.deveLancarExcecao_QuandoCriarSenhaFraca(UserServiceTest.java:47)
	at java.base/java.lang.reflect.Method.invoke(Method.java:580)
	at java.base/java.util.ArrayList.forEach(ArrayList.java:1596)
	at java.base/java.util.ArrayList.forEach(ArrayList.java:1596)
]]></failure>
  </testcase>
</testsuite>